<?xml version="1.0" encoding="UTF-8" ?>
<testsuites>
  <testsuite errors="0" failures="0" hostname="ndwol01" id="0" name="AlbumControllerTests" package="titanstore" tests="1" time="0.35" timestamp="2013-04-28T22:06:12">
      <properties />

      <testcase classname="titanstore.AlbumControllerTests" name="testSomething" time="0.218" />

      <system-out><![CDATA[--Output from testSomething--
Reloading: JVMPlugin: warning: unable to clear BEANINFO_CACHE, cant find field
Reloading: JVMPlugin: warning: unable to clear BEANINFO_CACHE, cant find field
Reloading: JVMPlugin: warning: unable to clear BEANINFO_CACHE, cant find field
]]></system-out>

      <system-err><![CDATA[--Output from testSomething--
]]></system-err>

  </testsuite>
  <testsuite errors="0" failures="0" hostname="ndwol01" id="1" name="AlbumTests" package="titanstore" tests="1" time="0.253" timestamp="2013-04-28T22:06:12">
      <properties />

      <testcase classname="titanstore.AlbumTests" name="testSomething" time="0.087" />

      <system-out><![CDATA[--Output from testSomething--
]]></system-out>

      <system-err><![CDATA[--Output from testSomething--
]]></system-err>

  </testsuite>
  <testsuite errors="0" failures="0" hostname="ndwol01" id="2" name="CartControllerTests" package="titanstore" tests="1" time="0.291" timestamp="2013-04-28T22:06:12">
      <properties />

      <testcase classname="titanstore.CartControllerTests" name="testSomething" time="0.197" />

      <system-out><![CDATA[--Output from testSomething--
]]></system-out>

      <system-err><![CDATA[--Output from testSomething--
]]></system-err>

  </testsuite>
  <testsuite errors="0" failures="0" hostname="ndwol01" id="3" name="CartItemTests" package="titanstore" tests="1" time="0.145" timestamp="2013-04-28T22:06:13">
      <properties />

      <testcase classname="titanstore.CartItemTests" name="testSomething" time="0.053" />

      <system-out><![CDATA[--Output from testSomething--
]]></system-out>

      <system-err><![CDATA[--Output from testSomething--
]]></system-err>

  </testsuite>
  <testsuite errors="2" failures="0" hostname="ndwol01" id="4" name="CartTests" package="titanstore" tests="2" time="0.216" timestamp="2013-04-28T22:06:13">
      <properties />

      <testcase classname="titanstore.CartTests" name="testAddAlbumToCart" time="0.1">
          <error message="Cannot invoke method add() on null object" type="java.lang.NullPointerException">java.lang.NullPointerException: Cannot invoke method add() on null object
	at titanstore.Cart.addAlbum(Cart.groovy:23)
	at titanstore.CartTests.testAddAlbumToCart(CartTests.groovy:15)
</error>

      </testcase>

      <testcase classname="titanstore.CartTests" name="testRemoveAlbumFromCart" time="0.023">
          <error message="Cannot invoke method add() on null object" type="java.lang.NullPointerException">java.lang.NullPointerException: Cannot invoke method add() on null object
	at titanstore.Cart.addAlbum(Cart.groovy:23)
	at titanstore.CartTests.testRemoveAlbumFromCart(CartTests.groovy:23)
</error>

      </testcase>

      <system-out><![CDATA[--Output from testAddAlbumToCart--
--Output from testRemoveAlbumFromCart--
]]></system-out>

      <system-err><![CDATA[--Output from testAddAlbumToCart--
--Output from testRemoveAlbumFromCart--
]]></system-err>

  </testsuite>
  <testsuite errors="0" failures="0" hostname="ndwol01" id="5" name="InventoryTests" package="titanstore" tests="2" time="0.247" timestamp="2013-04-28T22:06:13">
      <properties />

      <testcase classname="titanstore.InventoryTests" name="testAddAlbumToInventory" time="0.082" />

      <testcase classname="titanstore.InventoryTests" name="testRemoveAlbumToInventory" time="0.017" />

      <system-out><![CDATA[--Output from testAddAlbumToInventory--
--Output from testRemoveAlbumToInventory--
]]></system-out>

      <system-err><![CDATA[--Output from testAddAlbumToInventory--
--Output from testRemoveAlbumToInventory--
]]></system-err>

  </testsuite>
  <testsuite errors="0" failures="0" hostname="ndwol01" id="6" name="SongControllerTests" package="titanstore" tests="1" time="0.358" timestamp="2013-04-28T22:06:13">
      <properties />

      <testcase classname="titanstore.SongControllerTests" name="testSomething" time="0.243" />

      <system-out><![CDATA[--Output from testSomething--
]]></system-out>

      <system-err><![CDATA[--Output from testSomething--
]]></system-err>

  </testsuite>
  <testsuite errors="0" failures="0" hostname="ndwol01" id="7" name="SongTests" package="titanstore" tests="1" time="0.221" timestamp="2013-04-28T22:06:14">
      <properties />

      <testcase classname="titanstore.SongTests" name="testSomething" time="0.085" />

      <system-out><![CDATA[--Output from testSomething--
]]></system-out>

      <system-err><![CDATA[--Output from testSomething--
]]></system-err>

  </testsuite>
  <testsuite errors="0" failures="0" hostname="ndwol01" id="8" name="StoreControllerTests" package="titanstore" tests="1" time="0.278" timestamp="2013-04-28T22:06:14">
      <properties />

      <testcase classname="titanstore.StoreControllerTests" name="testSomething" time="0.186" />

      <system-out><![CDATA[--Output from testSomething--
]]></system-out>

      <system-err><![CDATA[--Output from testSomething--
]]></system-err>

  </testsuite>
  <testsuite errors="0" failures="0" hostname="ndwol01" id="9" name="StoreTests" package="titanstore" tests="1" time="0.203" timestamp="2013-04-28T22:06:14">
      <properties />

      <testcase classname="titanstore.StoreTests" name="testSomething" time="0.053" />

      <system-out><![CDATA[--Output from testSomething--
]]></system-out>

      <system-err><![CDATA[--Output from testSomething--
]]></system-err>

  </testsuite>
  <testsuite errors="0" failures="0" hostname="ndwol01" id="10" name="UserControllerTests" package="titanstore" tests="6" time="2.279" timestamp="2013-04-28T22:06:14">
      <properties />

      <testcase classname="titanstore.UserControllerTests" name="testPasswordsMatch" time="0.321" />

      <testcase classname="titanstore.UserControllerTests" name="testRegistrationFailed" time="0.132" />

      <testcase classname="titanstore.UserControllerTests" name="testRegistrationSuccess" time="0.141" />

      <testcase classname="titanstore.UserControllerTests" name="testLoginUserNotFound" time="0.145" />

      <testcase classname="titanstore.UserControllerTests" name="testLoginPasswordInvalid" time="0.127" />

      <testcase classname="titanstore.UserControllerTests" name="testLoginSuccess" time="0.124" />

      <system-out><![CDATA[--Output from testPasswordsMatch--
--Output from testRegistrationFailed--
--Output from testRegistrationSuccess--
--Output from testLoginUserNotFound--
--Output from testLoginPasswordInvalid--
--Output from testLoginSuccess--
]]></system-out>

      <system-err><![CDATA[--Output from testPasswordsMatch--
--Output from testRegistrationFailed--
--Output from testRegistrationSuccess--
--Output from testLoginUserNotFound--
--Output from testLoginPasswordInvalid--
--Output from testLoginSuccess--
]]></system-err>

  </testsuite>
  <testsuite errors="0" failures="0" hostname="ndwol01" id="11" name="UserTests" package="titanstore" tests="1" time="0.071" timestamp="2013-04-28T22:06:17">
      <properties />

      <testcase classname="titanstore.UserTests" name="testSomething" time="0.07" />

      <system-out><![CDATA[--Output from testSomething--
]]></system-out>

      <system-err><![CDATA[--Output from testSomething--
]]></system-err>

  </testsuite>
</testsuites>
