<?xml version="1.0" encoding="UTF-8" ?>
<testsuites>
  <testsuite errors="0" failures="0" hostname="ndwol01" id="0" name="AlbumControllerTests" package="titanstore" tests="1" time="0.355" timestamp="2013-04-24T15:27:49">
      <properties />

      <testcase classname="titanstore.AlbumControllerTests" name="testSomething" time="0.262" />

      <system-out><![CDATA[--Output from testSomething--
]]></system-out>

      <system-err><![CDATA[--Output from testSomething--
]]></system-err>

  </testsuite>
  <testsuite errors="0" failures="0" hostname="ndwol01" id="1" name="AlbumTests" package="titanstore" tests="1" time="0.294" timestamp="2013-04-24T15:27:50">
      <properties />

      <testcase classname="titanstore.AlbumTests" name="testSomething" time="0.188" />

      <system-out><![CDATA[--Output from testSomething--
]]></system-out>

      <system-err><![CDATA[--Output from testSomething--
]]></system-err>

  </testsuite>
  <testsuite errors="0" failures="0" hostname="ndwol01" id="2" name="CartItemTests" package="titanstore" tests="1" time="0.145" timestamp="2013-04-24T15:27:50">
      <properties />

      <testcase classname="titanstore.CartItemTests" name="testSomething" time="0.049" />

      <system-out><![CDATA[--Output from testSomething--
]]></system-out>

      <system-err><![CDATA[--Output from testSomething--
]]></system-err>

  </testsuite>
  <testsuite errors="0" failures="0" hostname="ndwol01" id="3" name="CartTests" package="titanstore" tests="2" time="0.258" timestamp="2013-04-24T15:27:50">
      <properties />

      <testcase classname="titanstore.CartTests" name="testAddAlbumToCart" time="0.129" />

      <testcase classname="titanstore.CartTests" name="testRemoveAlbumFromCart" time="0.024" />

      <system-out><![CDATA[--Output from testAddAlbumToCart--
--Output from testRemoveAlbumFromCart--
]]></system-out>

      <system-err><![CDATA[--Output from testAddAlbumToCart--
--Output from testRemoveAlbumFromCart--
]]></system-err>

  </testsuite>
  <testsuite errors="0" failures="0" hostname="ndwol01" id="4" name="InventoryTests" package="titanstore" tests="2" time="0.258" timestamp="2013-04-24T15:27:50">
      <properties />

      <testcase classname="titanstore.InventoryTests" name="testAddAlbumToInventory" time="0.103" />

      <testcase classname="titanstore.InventoryTests" name="testRemoveAlbumToInventory" time="0.022" />

      <system-out><![CDATA[--Output from testAddAlbumToInventory--
--Output from testRemoveAlbumToInventory--
]]></system-out>

      <system-err><![CDATA[--Output from testAddAlbumToInventory--
--Output from testRemoveAlbumToInventory--
]]></system-err>

  </testsuite>
  <testsuite errors="0" failures="0" hostname="ndwol01" id="5" name="SongControllerTests" package="titanstore" tests="1" time="0.322" timestamp="2013-04-24T15:27:51">
      <properties />

      <testcase classname="titanstore.SongControllerTests" name="testSomething" time="0.204" />

      <system-out><![CDATA[--Output from testSomething--
]]></system-out>

      <system-err><![CDATA[--Output from testSomething--
]]></system-err>

  </testsuite>
  <testsuite errors="0" failures="0" hostname="ndwol01" id="6" name="SongTests" package="titanstore" tests="1" time="0.276" timestamp="2013-04-24T15:27:51">
      <properties />

      <testcase classname="titanstore.SongTests" name="testSomething" time="0.128" />

      <system-out><![CDATA[--Output from testSomething--
]]></system-out>

      <system-err><![CDATA[--Output from testSomething--
]]></system-err>

  </testsuite>
  <testsuite errors="0" failures="0" hostname="ndwol01" id="7" name="StoreControllerTests" package="titanstore" tests="1" time="0.401" timestamp="2013-04-24T15:27:51">
      <properties />

      <testcase classname="titanstore.StoreControllerTests" name="testSomething" time="0.221" />

      <system-out><![CDATA[--Output from testSomething--
]]></system-out>

      <system-err><![CDATA[--Output from testSomething--
]]></system-err>

  </testsuite>
  <testsuite errors="0" failures="0" hostname="ndwol01" id="8" name="StoreTests" package="titanstore" tests="1" time="0.19" timestamp="2013-04-24T15:27:52">
      <properties />

      <testcase classname="titanstore.StoreTests" name="testSomething" time="0.053" />

      <system-out><![CDATA[--Output from testSomething--
]]></system-out>

      <system-err><![CDATA[--Output from testSomething--
]]></system-err>

  </testsuite>
  <testsuite errors="0" failures="0" hostname="ndwol01" id="9" name="UserControllerTests" package="titanstore" tests="6" time="1.447" timestamp="2013-04-24T15:27:52">
      <properties />

      <testcase classname="titanstore.UserControllerTests" name="testPasswordsMatch" time="0.56" />

      <testcase classname="titanstore.UserControllerTests" name="testRegistrationFailed" time="0.136" />

      <testcase classname="titanstore.UserControllerTests" name="testRegistrationSuccess" time="0.143" />

      <testcase classname="titanstore.UserControllerTests" name="testLoginUserNotFound" time="0.142" />

      <testcase classname="titanstore.UserControllerTests" name="testLoginPasswordInvalid" time="0.151" />

      <testcase classname="titanstore.UserControllerTests" name="testLoginSuccess" time="0.185" />

      <system-out><![CDATA[--Output from testPasswordsMatch--
--Output from testRegistrationFailed--
--Output from testRegistrationSuccess--
--Output from testLoginUserNotFound--
--Output from testLoginPasswordInvalid--
--Output from testLoginSuccess--
]]></system-out>

      <system-err><![CDATA[--Output from testPasswordsMatch--
--Output from testRegistrationFailed--
--Output from testRegistrationSuccess--
--Output from testLoginUserNotFound--
--Output from testLoginPasswordInvalid--
--Output from testLoginSuccess--
]]></system-err>

  </testsuite>
  <testsuite errors="0" failures="0" hostname="ndwol01" id="10" name="UserTests" package="titanstore" tests="1" time="0.111" timestamp="2013-04-24T15:27:53">
      <properties />

      <testcase classname="titanstore.UserTests" name="testSomething" time="0.11" />

      <system-out><![CDATA[--Output from testSomething--
]]></system-out>

      <system-err><![CDATA[--Output from testSomething--
]]></system-err>

  </testsuite>
</testsuites>
