<?xml version="1.0" encoding="UTF-8" ?>
<testsuites>
  <testsuite errors="0" failures="0" hostname="ndwol01" id="0" name="AlbumControllerTests" package="titanstore" tests="1" time="3.341" timestamp="2013-04-23T03:28:05">
      <properties />

      <testcase classname="titanstore.AlbumControllerTests" name="testSomething" time="2.978" />

      <system-out><![CDATA[--Output from testSomething--
]]></system-out>

      <system-err><![CDATA[--Output from testSomething--
]]></system-err>

  </testsuite>
  <testsuite errors="0" failures="0" hostname="ndwol01" id="1" name="AlbumTests" package="titanstore" tests="1" time="0.83" timestamp="2013-04-23T03:28:09">
      <properties />

      <testcase classname="titanstore.AlbumTests" name="testSomething" time="0.655" />

      <system-out><![CDATA[--Output from testSomething--
]]></system-out>

      <system-err><![CDATA[--Output from testSomething--
]]></system-err>

  </testsuite>
  <testsuite errors="0" failures="0" hostname="ndwol01" id="2" name="CartItemTests" package="titanstore" tests="1" time="0.558" timestamp="2013-04-23T03:28:09">
      <properties />

      <testcase classname="titanstore.CartItemTests" name="testSomething" time="0.138" />

      <system-out><![CDATA[--Output from testSomething--
]]></system-out>

      <system-err><![CDATA[--Output from testSomething--
]]></system-err>

  </testsuite>
  <testsuite errors="0" failures="0" hostname="ndwol01" id="3" name="CartTests" package="titanstore" tests="2" time="0.269" timestamp="2013-04-23T03:28:10">
      <properties />

      <testcase classname="titanstore.CartTests" name="testAddAlbumToCart" time="0.135" />

      <testcase classname="titanstore.CartTests" name="testRemoveAlbumFromCart" time="0.023" />

      <system-out><![CDATA[--Output from testAddAlbumToCart--
--Output from testRemoveAlbumFromCart--
]]></system-out>

      <system-err><![CDATA[--Output from testAddAlbumToCart--
--Output from testRemoveAlbumFromCart--
]]></system-err>

  </testsuite>
  <testsuite errors="0" failures="0" hostname="ndwol01" id="4" name="InventoryTests" package="titanstore" tests="2" time="0.412" timestamp="2013-04-23T03:28:11">
      <properties />

      <testcase classname="titanstore.InventoryTests" name="testAddAlbumToInventory" time="0.088" />

      <testcase classname="titanstore.InventoryTests" name="testRemoveAlbumToInventory" time="0.023" />

      <system-out><![CDATA[--Output from testAddAlbumToInventory--
--Output from testRemoveAlbumToInventory--
]]></system-out>

      <system-err><![CDATA[--Output from testAddAlbumToInventory--
--Output from testRemoveAlbumToInventory--
]]></system-err>

  </testsuite>
  <testsuite errors="0" failures="0" hostname="ndwol01" id="5" name="SongControllerTests" package="titanstore" tests="1" time="0.419" timestamp="2013-04-23T03:28:11">
      <properties />

      <testcase classname="titanstore.SongControllerTests" name="testSomething" time="0.199" />

      <system-out><![CDATA[--Output from testSomething--
]]></system-out>

      <system-err><![CDATA[--Output from testSomething--
]]></system-err>

  </testsuite>
  <testsuite errors="0" failures="0" hostname="ndwol01" id="6" name="SongTests" package="titanstore" tests="1" time="0.312" timestamp="2013-04-23T03:28:11">
      <properties />

      <testcase classname="titanstore.SongTests" name="testSomething" time="0.173" />

      <system-out><![CDATA[--Output from testSomething--
]]></system-out>

      <system-err><![CDATA[--Output from testSomething--
]]></system-err>

  </testsuite>
  <testsuite errors="0" failures="0" hostname="ndwol01" id="7" name="StoreControllerTests" package="titanstore" tests="1" time="0.293" timestamp="2013-04-23T03:28:12">
      <properties />

      <testcase classname="titanstore.StoreControllerTests" name="testSomething" time="0.198" />

      <system-out><![CDATA[--Output from testSomething--
]]></system-out>

      <system-err><![CDATA[--Output from testSomething--
]]></system-err>

  </testsuite>
  <testsuite errors="0" failures="0" hostname="ndwol01" id="8" name="StoreTests" package="titanstore" tests="1" time="0.305" timestamp="2013-04-23T03:28:12">
      <properties />

      <testcase classname="titanstore.StoreTests" name="testSomething" time="0.078" />

      <system-out><![CDATA[--Output from testSomething--
]]></system-out>

      <system-err><![CDATA[--Output from testSomething--
]]></system-err>

  </testsuite>
  <testsuite errors="0" failures="0" hostname="ndwol01" id="9" name="UserControllerTests" package="titanstore" tests="6" time="2.895" timestamp="2013-04-23T03:28:13">
      <properties />

      <testcase classname="titanstore.UserControllerTests" name="testPasswordsMatch" time="0.687" />

      <testcase classname="titanstore.UserControllerTests" name="testRegistrationFailed" time="0.168" />

      <testcase classname="titanstore.UserControllerTests" name="testRegistrationSuccess" time="1.163" />

      <testcase classname="titanstore.UserControllerTests" name="testLoginUserNotFound" time="0.466" />

      <testcase classname="titanstore.UserControllerTests" name="testLoginPasswordInvalid" time="0.123" />

      <testcase classname="titanstore.UserControllerTests" name="testLoginSuccess" time="0.17" />

      <system-out><![CDATA[--Output from testPasswordsMatch--
--Output from testRegistrationFailed--
--Output from testRegistrationSuccess--
--Output from testLoginUserNotFound--
--Output from testLoginPasswordInvalid--
--Output from testLoginSuccess--
]]></system-out>

      <system-err><![CDATA[--Output from testPasswordsMatch--
--Output from testRegistrationFailed--
--Output from testRegistrationSuccess--
--Output from testLoginUserNotFound--
--Output from testLoginPasswordInvalid--
--Output from testLoginSuccess--
]]></system-err>

  </testsuite>
  <testsuite errors="0" failures="0" hostname="ndwol01" id="10" name="UserTests" package="titanstore" tests="1" time="0.067" timestamp="2013-04-23T03:28:15">
      <properties />

      <testcase classname="titanstore.UserTests" name="testSomething" time="0.063" />

      <system-out><![CDATA[--Output from testSomething--
]]></system-out>

      <system-err><![CDATA[--Output from testSomething--
]]></system-err>

  </testsuite>
</testsuites>
